<?xml version="1.0" encoding="UTF-8"?>
<!-- Generated by org.testng.reporters.JUnitReportReporter -->
<testsuite hostname="LAPTOP-3BL16AQ1" failures="0" tests="4" name="TestNg.TC_DataProviders_Annotation" time="70.751" errors="0" timestamp="2024-03-13T21:13:25 IST" skipped="0">
  <testcase classname="TestNg.TC_DataProviders_Annotation" name="addCredentails" time="16.044"/>
  <system-out/>
  <testcase classname="TestNg.TC_DataProviders_Annotation" name="addCredentails" time="21.203"/>
  <system-out/>
  <testcase classname="TestNg.TC_DataProviders_Annotation" name="addCredentails" time="32.741"/>
  <system-out/>
  <testcase classname="TestNg.TC_DataProviders_Annotation" name="clickLogin" time="0.763"/>
  <system-out/>
</testsuite> <!-- TestNg.TC_DataProviders_Annotation -->
