<?xml version="1.0" encoding="UTF-8"?>
<!-- Generated by org.testng.reporters.JUnitReportReporter -->
<testsuite hostname="LAPTOP-3BL16AQ1" failures="0" tests="3" name="TestNgAssertions.SoftAssertion_Example" time="44.499" errors="0" timestamp="2024-03-14T20:57:40 IST" skipped="0">
  <testcase classname="TestNgAssertions.SoftAssertion_Example" name="enterUsername" time="39.122"/>
  <system-out/>
  <testcase classname="TestNgAssertions.SoftAssertion_Example" name="enterPassword" time="2.693"/>
  <system-out/>
  <testcase classname="TestNgAssertions.SoftAssertion_Example" name="clickLogin" time="2.684"/>
  <system-out/>
</testsuite> <!-- TestNgAssertions.SoftAssertion_Example -->
