<?xml version="1.0" encoding="UTF-8"?>
<!-- Generated by org.testng.reporters.JUnitReportReporter -->
<testsuite hostname="LAPTOP-3BL16AQ1" failures="0" tests="3" name="TestNgAssertions.HardAssertion_Example" time="43.792" errors="0" timestamp="2024-03-14T20:48:05 IST" skipped="0">
  <testcase classname="TestNgAssertions.HardAssertion_Example" name="enterUsername" time="36.199"/>
  <system-out/>
  <testcase classname="TestNgAssertions.HardAssertion_Example" name="enterPassword" time="4.899"/>
  <system-out/>
  <testcase classname="TestNgAssertions.HardAssertion_Example" name="clickLogin" time="2.694"/>
  <system-out/>
</testsuite> <!-- TestNgAssertions.HardAssertion_Example -->
