<?xml version="1.0" encoding="UTF-8"?>
<!-- Generated by org.testng.reporters.JUnitReportReporter -->
<testsuite hostname="LAPTOP-3BL16AQ1" failures="0" tests="4" name="TestNg_Attributes.Attribute_Timeout" time="3.711" errors="0" timestamp="2024-03-13T21:22:19 IST" skipped="1">
  <testcase classname="TestNg_Attributes.Attribute_Timeout" name="enterUsername" time="1.310"/>
  <system-out/>
  <testcase classname="TestNg_Attributes.Attribute_Timeout" name="enterPassword" time="0.645"/>
  <system-out/>
  <testcase classname="TestNg_Attributes.Attribute_Timeout" name="clickLogin" time="1.756"/>
  <system-out/>
  <testcase classname="TestNg_Attributes.Attribute_Timeout" name="clickAdminTab">
    <skipped/>
  </testcase> <!-- clickAdminTab -->
  <system-out/>
</testsuite> <!-- TestNg_Attributes.Attribute_Timeout -->
