<?xml version="1.0" encoding="UTF-8"?>
<!-- Generated by org.testng.reporters.JUnitReportReporter -->
<testsuite hostname="LAPTOP-3BL16AQ1" failures="0" tests="4" name="TestNg_Attributes.Attribute_Description" time="3.305" errors="0" timestamp="2024-03-13T21:27:09 IST" skipped="1">
  <testcase classname="TestNg_Attributes.Attribute_Description" name="enterUsername" time="1.383"/>
  <system-out/>
  <testcase classname="TestNg_Attributes.Attribute_Description" name="enterPassword" time="0.391"/>
  <system-out/>
  <testcase classname="TestNg_Attributes.Attribute_Description" name="clickLogin" time="1.531"/>
  <system-out/>
  <testcase classname="TestNg_Attributes.Attribute_Description" name="clickAdminTab">
    <skipped/>
  </testcase> <!-- clickAdminTab -->
  <system-out/>
</testsuite> <!-- TestNg_Attributes.Attribute_Description -->
