<?xml version="1.0" encoding="UTF-8"?>
<!-- Generated by org.testng.reporters.JUnitReportReporter -->
<testsuite hostname="LAPTOP-3BL16AQ1" failures="0" tests="4" name="TestNg_Attributes.Attribute_DependsOnMethods" time="5.861" errors="0" timestamp="2024-03-14T07:56:14 IST" skipped="0">
  <testcase classname="TestNg_Attributes.Attribute_DependsOnMethods" name="clickLogin" time="1.507"/>
  <system-out/>
  <testcase classname="TestNg_Attributes.Attribute_DependsOnMethods" name="clickAdminTab" time="1.968"/>
  <system-out/>
  <testcase classname="TestNg_Attributes.Attribute_DependsOnMethods" name="enterPassword" time="0.413"/>
  <system-out/>
  <testcase classname="TestNg_Attributes.Attribute_DependsOnMethods" name="enterUsername" time="1.973"/>
  <system-out/>
</testsuite> <!-- TestNg_Attributes.Attribute_DependsOnMethods -->
