<?xml version="1.0" encoding="UTF-8"?>
<!-- Generated by org.testng.reporters.JUnitReportReporter -->
<testsuite hostname="LAPTOP-3BL16AQ1" failures="0" tests="10" name="TestNg_Attributes.Attribute_InvocatinCount" time="4.333" errors="0" timestamp="2024-03-13T21:23:59 IST" skipped="0">
  <testcase classname="TestNg_Attributes.Attribute_InvocatinCount" name="enterUsername" time="0.336"/>
  <system-out/>
  <testcase classname="TestNg_Attributes.Attribute_InvocatinCount" name="enterUsername" time="1.516"/>
  <system-out/>
  <testcase classname="TestNg_Attributes.Attribute_InvocatinCount" name="enterUsername" time="0.318"/>
  <system-out/>
  <testcase classname="TestNg_Attributes.Attribute_InvocatinCount" name="enterUsername" time="0.276"/>
  <system-out/>
  <testcase classname="TestNg_Attributes.Attribute_InvocatinCount" name="enterUsername" time="0.389"/>
  <system-out/>
  <testcase classname="TestNg_Attributes.Attribute_InvocatinCount" name="enterUsername" time="0.385"/>
  <system-out/>
  <testcase classname="TestNg_Attributes.Attribute_InvocatinCount" name="enterUsername" time="0.259"/>
  <system-out/>
  <testcase classname="TestNg_Attributes.Attribute_InvocatinCount" name="enterUsername" time="0.320"/>
  <system-out/>
  <testcase classname="TestNg_Attributes.Attribute_InvocatinCount" name="enterUsername" time="0.290"/>
  <system-out/>
  <testcase classname="TestNg_Attributes.Attribute_InvocatinCount" name="enterUsername" time="0.244"/>
  <system-out/>
</testsuite> <!-- TestNg_Attributes.Attribute_InvocatinCount -->
