<?xml version="1.0" encoding="UTF-8"?>
<!-- Generated by org.testng.reporters.JUnitReportReporter -->
<testsuite hostname="LAPTOP-3BL16AQ1" failures="0" tests="3" name="TestNg.TC_2_VerifyTestCaseDynamically" time="3.806" errors="0" timestamp="2024-03-13T20:59:56 IST" skipped="0">
  <testcase classname="TestNg.TC_2_VerifyTestCaseDynamically" name="enterUsername" time="1.602"/>
  <system-out/>
  <testcase classname="TestNg.TC_2_VerifyTestCaseDynamically" name="enterPassword" time="0.432"/>
  <system-out/>
  <testcase classname="TestNg.TC_2_VerifyTestCaseDynamically" name="clickLogin" time="1.772"/>
  <system-out/>
</testsuite> <!-- TestNg.TC_2_VerifyTestCaseDynamically -->
