<?xml version="1.0" encoding="UTF-8"?>
<!-- Generated by org.testng.reporters.JUnitReportReporter -->
<testsuite hostname="LAPTOP-3BL16AQ1" failures="0" tests="3" name="TestNg.TC_1_VerifyAndClickAdminTab" time="6.916" errors="0" timestamp="2024-03-14T21:06:38 IST" skipped="0">
  <testcase classname="TestNg.TC_1_VerifyAndClickAdminTab" name="enterUsername" time="4.620"/>
  <system-out/>
  <testcase classname="TestNg.TC_1_VerifyAndClickAdminTab" name="enterPassword" time="0.524"/>
  <system-out/>
  <testcase classname="TestNg.TC_1_VerifyAndClickAdminTab" name="clickLogin" time="1.772"/>
  <system-out/>
</testsuite> <!-- TestNg.TC_1_VerifyAndClickAdminTab -->
