<?xml version="1.0" encoding="UTF-8"?>
<!-- Generated by org.testng.reporters.JUnitReportReporter -->
<testsuite hostname="LAPTOP-3BL16AQ1" failures="0" tests="4" name="TestNg_Attributes.Attribute_Priority" time="8.384" errors="0" timestamp="2024-03-13T21:18:24 IST" skipped="0">
  <testcase classname="TestNg_Attributes.Attribute_Priority" name="enterUsername" time="3.799"/>
  <system-out/>
  <testcase classname="TestNg_Attributes.Attribute_Priority" name="enterPassword" time="0.389"/>
  <system-out/>
  <testcase classname="TestNg_Attributes.Attribute_Priority" name="clickLogin" time="1.825"/>
  <system-out/>
  <testcase classname="TestNg_Attributes.Attribute_Priority" name="clickAdminTab" time="2.371"/>
  <system-out/>
</testsuite> <!-- TestNg_Attributes.Attribute_Priority -->
