<?xml version="1.0" encoding="UTF-8"?>
<!-- Generated by org.testng.reporters.JUnitReportReporter -->
<testsuite hostname="LAPTOP-3BL16AQ1" failures="0" tests="3" name="Tests.LoginTest" time="7.518" errors="0" timestamp="2024-03-18T20:49:15 IST" skipped="0">
  <testcase classname="Tests.LoginTest" name="enterUsername" time="1.451"/>
  <system-out/>
  <testcase classname="Tests.LoginTest" name="enterPassword" time="1.181"/>
  <system-out/>
  <testcase classname="Tests.LoginTest" name="clickLogin" time="4.886"/>
  <system-out/>
</testsuite> <!-- Tests.LoginTest -->
