<?xml version="1.0" encoding="UTF-8"?>
<!-- Generated by org.testng.reporters.JUnitReportReporter -->
<testsuite hostname="LAPTOP-3BL16AQ1" failures="0" tests="3" name="TestNg.TC_Screenshots" time="5.156" errors="0" timestamp="2024-03-15T20:45:46 IST" skipped="0">
  <testcase classname="TestNg.TC_Screenshots" name="enterUsername" time="2.614"/>
  <system-out/>
  <testcase classname="TestNg.TC_Screenshots" name="enterPassword" time="0.670"/>
  <system-out/>
  <testcase classname="TestNg.TC_Screenshots" name="clickLogin" time="1.872"/>
  <system-out/>
</testsuite> <!-- TestNg.TC_Screenshots -->
