<?xml version="1.0" encoding="UTF-8"?>
<!-- Generated by org.testng.reporters.JUnitReportReporter -->
<testsuite hostname="LAPTOP-3BL16AQ1" failures="0" tests="5" name="Tests.LoginAndLogout" time="9.534" errors="0" timestamp="2024-03-19T20:53:46 IST" skipped="0">
  <testcase classname="Tests.LoginAndLogout" name="enterUsername" time="1.443"/>
  <system-out/>
  <testcase classname="Tests.LoginAndLogout" name="enterPassword" time="0.432"/>
  <system-out/>
  <testcase classname="Tests.LoginAndLogout" name="clickLogin" time="3.361"/>
  <system-out/>
  <testcase classname="Tests.LoginAndLogout" name="clickUserDropdown" time="0.729"/>
  <system-out/>
  <testcase classname="Tests.LoginAndLogout" name="clickLogout" time="3.569"/>
  <system-out/>
</testsuite> <!-- Tests.LoginAndLogout -->
