<?xml version="1.0" encoding="UTF-8"?>
<!-- Generated by org.testng.reporters.JUnitReportReporter -->
<testsuite hostname="LAPTOP-3BL16AQ1" failures="0" tests="3" name="Listeners.Listeners_Example" time="5.220" errors="0" timestamp="2024-03-15T21:05:45 IST" skipped="0">
  <testcase classname="Listeners.Listeners_Example" name="enterUsername" time="1.560"/>
  <system-out/>
  <testcase classname="Listeners.Listeners_Example" name="enterPassword" time="0.725"/>
  <system-out/>
  <testcase classname="Listeners.Listeners_Example" name="clickLogin" time="2.935"/>
  <system-out/>
</testsuite> <!-- Listeners.Listeners_Example -->
